<?xml version="1.0" encoding="UTF-8"?>
<testng-results skipped="0" failed="0" ignored="0" total="1" passed="1">
  <reporter-output>
  </reporter-output>
  <suite name="Surefire suite" duration-ms="10659" started-at="2020-05-28T07:36:42Z" finished-at="2020-05-28T07:36:52Z">
    <groups>
      <group name="cucumber">
        <method signature="AbstractTestNGCucumberTests.feature(cucumber.api.testng.CucumberFeatureWrapper)[pri:0, instance:Runners.W3SchoolRunner@1753acfe]" name="feature" class="cucumber.api.testng.AbstractTestNGCucumberTests"/>
      </group> <!-- cucumber -->
    </groups>
    <test name="Surefire test" duration-ms="10659" started-at="2020-05-28T07:36:42Z" finished-at="2020-05-28T07:36:52Z">
      <class name="Runners.W3SchoolRunner">
        <test-method status="PASS" signature="setUpClass()[pri:0, instance:Runners.W3SchoolRunner@1753acfe]" name="setUpClass" is-config="true" duration-ms="250" started-at="2020-05-28T07:36:42Z" finished-at="2020-05-28T07:36:42Z">
          <reporter-output>
          </reporter-output>
        </test-method> <!-- setUpClass -->
        <test-method status="PASS" signature="feature(cucumber.api.testng.CucumberFeatureWrapper)[pri:0, instance:Runners.W3SchoolRunner@1753acfe]" name="feature" duration-ms="10271" started-at="2020-05-28T07:36:42Z" description="Runs Cucumber Feature" data-provider="features" finished-at="2020-05-28T07:36:52Z">
          <params>
            <param index="0">
              <value>
                <![CDATA[Verify W3School Website]]>
              </value>
            </param>
          </params>
          <reporter-output>
          </reporter-output>
        </test-method> <!-- feature -->
        <test-method status="PASS" signature="tearDownClass()[pri:0, instance:Runners.W3SchoolRunner@1753acfe]" name="tearDownClass" is-config="true" duration-ms="79" started-at="2020-05-28T07:36:52Z" finished-at="2020-05-28T07:36:52Z">
          <reporter-output>
          </reporter-output>
        </test-method> <!-- tearDownClass -->
      </class> <!-- Runners.W3SchoolRunner -->
    </test> <!-- Surefire test -->
  </suite> <!-- Surefire suite -->
</testng-results>
