<?xml version="1.0" encoding="UTF-8"?>
<testng-results skipped="0" failed="0" ignored="0" total="1" passed="1">
  <reporter-output>
  </reporter-output>
  <suite name="Default suite" duration-ms="15428" started-at="2020-05-28T07:37:08Z" finished-at="2020-05-28T07:37:23Z">
    <groups>
      <group name="cucumber">
        <method signature="AbstractTestNGCucumberTests.feature(cucumber.api.testng.CucumberFeatureWrapper)[pri:0, instance:Runners.W3SchoolRunner@3891771e]" name="feature" class="cucumber.api.testng.AbstractTestNGCucumberTests"/>
      </group> <!-- cucumber -->
    </groups>
    <test name="Default test" duration-ms="15428" started-at="2020-05-28T07:37:08Z" finished-at="2020-05-28T07:37:23Z">
      <class name="Runners.W3SchoolRunner">
        <test-method status="PASS" signature="setUpClass()[pri:0, instance:Runners.W3SchoolRunner@3891771e]" name="setUpClass" is-config="true" duration-ms="253" started-at="2020-05-28T07:37:08Z" finished-at="2020-05-28T07:37:08Z">
          <reporter-output>
          </reporter-output>
        </test-method> <!-- setUpClass -->
        <test-method status="PASS" signature="feature(cucumber.api.testng.CucumberFeatureWrapper)[pri:0, instance:Runners.W3SchoolRunner@3891771e]" name="feature" duration-ms="15029" started-at="2020-05-28T07:37:08Z" description="Runs Cucumber Feature" data-provider="features" finished-at="2020-05-28T07:37:23Z">
          <params>
            <param index="0">
              <value>
                <![CDATA[Verify W3School Website]]>
              </value>
            </param>
          </params>
          <reporter-output>
          </reporter-output>
        </test-method> <!-- feature -->
        <test-method status="PASS" signature="tearDownClass()[pri:0, instance:Runners.W3SchoolRunner@3891771e]" name="tearDownClass" is-config="true" duration-ms="77" started-at="2020-05-28T07:37:23Z" finished-at="2020-05-28T07:37:23Z">
          <reporter-output>
          </reporter-output>
        </test-method> <!-- tearDownClass -->
      </class> <!-- Runners.W3SchoolRunner -->
    </test> <!-- Default test -->
  </suite> <!-- Default suite -->
</testng-results>
